<?xml version="1.0" encoding="UTF-8"?>
<!-- Generated by org.testng.reporters.JUnitReportReporter -->
<testsuite hostname="DESKTOP-5NU9MOJ" failures="0" tests="1" name="practice_package.RequestSpecUsingBaseTest" time="2.376" errors="0" timestamp="2023-03-02T14:41:20 IST" skipped="0">
  <testcase classname="practice_package.RequestSpecUsingBaseTest" name="reqSpecBuil" time="2.376"/>
  <system-out/>
</testsuite> <!-- practice_package.RequestSpecUsingBaseTest -->
