<?xml version="1.0" encoding="UTF-8"?>
<!-- Generated by org.testng.reporters.JUnitReportReporter -->
<testsuite hostname="DESKTOP-5NU9MOJ" failures="0" tests="3" name="testng.tutorials.dataProvider" time="0.020" errors="0" timestamp="2023-01-06T17:03:05 IST" skipped="0">
  <testcase classname="testng.tutorials.dataProvider" name="loginToapplication" time="0.002"/>
  <system-out/>
  <testcase classname="testng.tutorials.dataProvider" name="loginToapplication" time="0.004"/>
  <system-out/>
  <testcase classname="testng.tutorials.dataProvider" name="loginToapplication" time="0.014"/>
  <system-out/>
</testsuite> <!-- testng.tutorials.dataProvider -->
