<?xml version="1.0" encoding="UTF-8"?>
<!-- Generated by org.testng.reporters.JUnitReportReporter -->
<testsuite hostname="DESKTOP-5NU9MOJ" failures="0" tests="3" name="testng.tutorials.DataProviderUsingExcel" time="0.040" errors="0" timestamp="2023-01-09T12:11:06 IST" skipped="0">
  <testcase classname="testng.tutorials.DataProviderUsingExcel" name="readData" time="0.011"/>
  <system-out/>
  <testcase classname="testng.tutorials.DataProviderUsingExcel" name="readData" time="0.012"/>
  <system-out/>
  <testcase classname="testng.tutorials.DataProviderUsingExcel" name="readData" time="0.017"/>
  <system-out/>
</testsuite> <!-- testng.tutorials.DataProviderUsingExcel -->
