<?xml version="1.0" encoding="UTF-8"?>
<!-- Generated by org.testng.reporters.JUnitReportReporter -->
<testsuite hostname="DESKTOP-5NU9MOJ" failures="0" tests="2" name="practice_package.createProjectUsingApiVerifyUsingJDBC" time="7.393" errors="0" timestamp="2023-03-02T15:56:21 IST" skipped="0">
  <testcase classname="practice_package.createProjectUsingApiVerifyUsingJDBC" name="createProject" time="5.890"/>
  <system-out/>
  <testcase classname="practice_package.createProjectUsingApiVerifyUsingJDBC" name="VerifyProject" time="1.503"/>
  <system-out/>
</testsuite> <!-- practice_package.createProjectUsingApiVerifyUsingJDBC -->
