<?xml version="1.0" encoding="UTF-8"?>
<!-- Generated by org.testng.reporters.JUnitReportReporter -->
<testsuite hostname="DESKTOP-5NU9MOJ" failures="0" tests="1" name="practice_package.RequestSpecBuil" time="4.311" errors="0" timestamp="2023-03-02T12:46:33 IST" skipped="0">
  <testcase classname="practice_package.RequestSpecBuil" name="reqSpecBuil" time="4.311"/>
  <system-out/>
</testsuite> <!-- practice_package.RequestSpecBuil -->
