<?xml version="1.0" encoding="UTF-8"?>
<!-- Generated by org.testng.reporters.JUnitReportReporter -->
<testsuite hostname="DESKTOP-5NU9MOJ" failures="0" tests="4" name="com.societyManagment.accounts.testscript.createSearchAndDeleteAdminTest" time="26.967" errors="0" timestamp="2023-01-13T09:55:11 IST" skipped="0">
  <testcase classname="com.societyManagment.accounts.testscript.createSearchAndDeleteAdminTest" name="createAdministrator" time="10.745"/>
  <system-out/>
  <testcase classname="com.societyManagment.accounts.testscript.createSearchAndDeleteAdminTest" name="searchAdmin" time="4.954"/>
  <system-out/>
  <testcase classname="com.societyManagment.accounts.testscript.createSearchAndDeleteAdminTest" name="deleteAdmin" time="6.208"/>
  <system-out/>
  <testcase classname="com.societyManagment.accounts.testscript.createSearchAndDeleteAdminTest" name="printAllAdmin" time="5.060"/>
  <system-out>
    <![CDATA[admin
Nayan1
Nayan1178
Nayan2
Sanjoy1
Sanjoy1100
Sanjoy1102
Sanjoy111
Sanjoy1114
Sanjoy1115]]>
  </system-out>
</testsuite> <!-- com.societyManagment.accounts.testscript.createSearchAndDeleteAdminTest -->
