<?xml version="1.0" encoding="UTF-8"?>
<!-- Generated by org.testng.reporters.JUnitReportReporter -->
<testsuite hostname="DESKTOP-5NU9MOJ" failures="0" tests="3" name="practice_package.dataprovider" time="0.028" errors="0" timestamp="2023-01-20T16:33:54 IST" skipped="0">
  <testcase classname="practice_package.dataprovider" name="useData" time="0.010"/>
  <system-out/>
  <testcase classname="practice_package.dataprovider" name="useData" time="0.007"/>
  <system-out/>
  <testcase classname="practice_package.dataprovider" name="useData" time="0.011"/>
  <system-out/>
</testsuite> <!-- practice_package.dataprovider -->
